[2025-09-10 01:02:38] [ERROR] Uncaught exception: Call to undefined function csrfTokenInput() in /home/runner/work/epd/epd/seller-register.php on line 150
[2025-09-10 01:07:30] [ERROR] Email send failed: SQLSTATE[HY000]: General error: 1 no such table: mail_queue
[2025-09-10 16:03:00] [ERROR] Uncaught exception: MariaDB connection failed: SQLSTATE[HY000] [1045] Access denied for user 'root'@'localhost' (using password: NO) in /home/runner/work/epd/epd/includes/database.php on line 25
[2025-09-10 19:49:05] [ERROR] Email send failed: SQLSTATE[42S22]: Column not found: 1054 Unknown column 'to_email' in 'field list'
[2025-09-10 19:49:05] [ERROR] Failed to send verification email to user 2
[2025-09-10 19:49:05] [ERROR] Uncaught exception: Call to undefined method User::login() in /home/runner/work/epd/epd/test_registration.php on line 71
[2025-09-10 19:50:05] [ERROR] Email send failed: SQLSTATE[42S22]: Column not found: 1054 Unknown column 'to_email' in 'field list'
[2025-09-10 19:50:05] [ERROR] Failed to send verification email to user 3
[2025-09-10 19:50:29] [ERROR] Email send failed: SQLSTATE[42S22]: Column not found: 1054 Unknown column 'to_email' in 'field list'
[2025-09-10 19:50:56] [ERROR] Email send failed: SQLSTATE[42S22]: Column not found: 1054 Unknown column 'to_email' in 'field list'
[2025-09-10 19:50:56] [ERROR] Failed to send verification email to user 5
[2025-09-10 19:50:56] [INFO] User registered successfully but email sending failed: testuser1757533856@example.com
[2025-09-10 19:51:41] [ERROR] Email send failed: SQLSTATE[42S22]: Column not found: 1054 Unknown column 'to_email' in 'field list'
[2025-09-10 19:51:41] [ERROR] Failed to send verification email to user 6
[2025-09-10 19:51:41] [INFO] User registered successfully but email sending failed: testuser1757533901@example.com
[2025-09-10 19:52:14] [ERROR] Email send failed: SQLSTATE[42S22]: Column not found: 1054 Unknown column 'to_email' in 'field list'
[2025-09-10 19:52:14] [ERROR] Failed to send verification email to user 7
[2025-09-10 19:52:14] [INFO] User registered successfully but email sending failed: testuser1757533934@example.com
[2025-09-10 19:52:58] [ERROR] Email send failed: SQLSTATE[42S22]: Column not found: 1054 Unknown column 'to_email' in 'field list'
[2025-09-10 19:52:58] [ERROR] Failed to send verification email to user 8
[2025-09-10 19:52:58] [INFO] User registered successfully but email sending failed: webtest1757533978@example.com
[2025-09-10 19:52:58] [INFO] New user registered: webtest1757533978@example.com
[2025-09-10 19:54:20] [ERROR] Email send failed: SQLSTATE[42S22]: Column not found: 1054 Unknown column 'to_email' in 'field list'
[2025-09-10 19:54:20] [ERROR] Failed to send verification email to user 9
[2025-09-10 19:54:20] [INFO] User registered successfully but email sending failed: fulltest1757534060@example.com
[2025-09-10 19:56:07] [ERROR] Email send failed: SQLSTATE[42S22]: Column not found: 1054 Unknown column 'to_email' in 'field list'
[2025-09-10 19:56:07] [ERROR] Failed to send verification email to user 10
[2025-09-10 19:56:07] [INFO] User registered successfully but email sending failed: logintest1757534167@example.com
[2025-09-10 19:56:16] [ERROR] Email send failed: SQLSTATE[42S22]: Column not found: 1054 Unknown column 'to_email' in 'field list'
[2025-09-10 19:56:16] [ERROR] Failed to send verification email to user 11
[2025-09-10 19:56:16] [INFO] User registered successfully but email sending failed: fulltest1757534175@example.com
[2025-09-10 19:56:41] [ERROR] Email send failed: SQLSTATE[42S22]: Column not found: 1054 Unknown column 'to_email' in 'field list'
[2025-09-10 19:56:41] [ERROR] Failed to send verification email to user 12
[2025-09-10 19:56:41] [INFO] User registered successfully but email sending failed: finaltest1757534200@example.com
[2025-09-10 19:56:41] [INFO] New user registered: finaltest1757534200@example.com
[2025-09-10 19:57:28] [ERROR] Email send failed: SQLSTATE[42S22]: Column not found: 1054 Unknown column 'to_email' in 'field list'
[2025-09-10 19:57:28] [ERROR] Failed to send verification email to user 13
[2025-09-10 19:57:28] [INFO] User registered successfully but email sending failed: healthcheck1757534248@example.com
