[2025-09-08 11:11:02] [ERROR] Uncaught exception: Database connection failed: SQLSTATE[HY000] [2002] No such file or directory in /home/runner/work/epd/epd/includes/database.php on line 23
[2025-09-08 11:13:15] [ERROR] Uncaught exception: SQLSTATE[HY000]: General error: 1 near "7": syntax error in /home/runner/work/epd/epd/includes/models_extended.php on line 407
[2025-09-08 13:26:43] [ERROR] Uncaught exception: Call to undefined method Recommendation::getRecommendations() in /home/runner/work/epd/epd/product.php on line 44
[2025-09-08 17:48:02] [ERROR] Uncaught exception: Database connection failed: SQLSTATE[HY000] [2002] No such file or directory in /home/runner/work/epd/epd/includes/database.php on line 41
[2025-09-08 17:48:02] [ERROR] Uncaught exception: Database connection failed: SQLSTATE[HY000] [2002] No such file or directory in /home/runner/work/epd/epd/includes/database.php on line 41
[2025-09-08 17:48:02] [ERROR] Uncaught exception: Database connection failed: SQLSTATE[HY000] [2002] No such file or directory in /home/runner/work/epd/epd/includes/database.php on line 41
[2025-09-08 17:51:04] [ERROR] Uncaught exception: Database connection failed: SQLSTATE[HY000] [2002] No such file or directory in /home/runner/work/epd/epd/includes/database.php on line 41
[2025-09-08 17:51:04] [ERROR] Uncaught exception: Database connection failed: SQLSTATE[HY000] [2002] No such file or directory in /home/runner/work/epd/epd/includes/database.php on line 41
[2025-09-08 17:51:04] [ERROR] Uncaught exception: Database connection failed: SQLSTATE[HY000] [2002] No such file or directory in /home/runner/work/epd/epd/includes/database.php on line 41
[2025-09-08 17:53:08] [ERROR] Uncaught exception: Database connection failed: SQLSTATE[HY000] [2002] No such file or directory in /home/runner/work/epd/epd/includes/database.php on line 41
[2025-09-08 17:53:24] [ERROR] Uncaught exception: Call to undefined method Product::getOnSale() in /home/runner/work/epd/epd/deals.php on line 14
[2025-09-08 18:42:06] [ERROR] Uncaught exception: Call to undefined method Category::findBySlug() in /home/runner/work/epd/epd/category.php on line 35
[2025-09-08 18:42:58] [ERROR] Registration error: SQLSTATE[HY000]: General error: 1 table users has no column named confirm_password
[2025-09-08 18:44:30] [ERROR] Uncaught exception: Call to undefined method Product::findByFilters() in /home/runner/work/epd/epd/category.php on line 74
[2025-09-08 18:45:27] [ERROR] Registration error: SQLSTATE[HY000]: General error: 1 table users has no column named confirm_password
[2025-09-08 18:46:11] [INFO] New user registered: test456@test.com
[2025-09-08 18:46:20] [INFO] User logged in: test456@test.com
[2025-09-08 18:46:27] [INFO] User logged in: test456@test.com
[2025-09-08 18:46:34] [ERROR] Uncaught exception: SQLSTATE[23000]: Integrity constraint violation: 19 CHECK constraint failed: activity_type IN ('view_product', 'add_to_cart', 'purchase', 'search', 'review') in /home/runner/work/epd/epd/includes/models_extended.php on line 360
[2025-09-08 18:46:40] [ERROR] Uncaught exception: SQLSTATE[23000]: Integrity constraint violation: 19 CHECK constraint failed: activity_type IN ('view_product', 'add_to_cart', 'purchase', 'search', 'review') in /home/runner/work/epd/epd/includes/models_extended.php on line 360
[2025-09-08 18:46:46] [ERROR] Uncaught exception: SQLSTATE[23000]: Integrity constraint violation: 19 CHECK constraint failed: activity_type IN ('view_product', 'add_to_cart', 'purchase', 'search', 'review') in /home/runner/work/epd/epd/includes/models_extended.php on line 360
[2025-09-08 18:46:53] [ERROR] Uncaught exception: SQLSTATE[23000]: Integrity constraint violation: 19 CHECK constraint failed: activity_type IN ('view_product', 'add_to_cart', 'purchase', 'search', 'review') in /home/runner/work/epd/epd/includes/models_extended.php on line 360
[2025-09-08 18:47:26] [ERROR] Uncaught exception: Call to undefined method Vendor::getByUserId() in /home/runner/work/epd/epd/account.php on line 18
[2025-09-08 19:01:57] [INFO] New user registered: john.doe@example.com
[2025-09-08 20:42:36] [ERROR] Uncaught exception: SQLSTATE[42000]: Syntax error or access violation: 1064 You have an error in your SQL syntax; check the manual that corresponds to your MySQL server version for the right syntax to use near '() 
            LIMIT 20' at line 5 in /home/runner/work/epd/epd/includes/models.php on line 197
[2025-09-08 20:42:43] [ERROR] Uncaught exception: SQLSTATE[42000]: Syntax error or access violation: 1064 You have an error in your SQL syntax; check the manual that corresponds to your MySQL server version for the right syntax to use near '() 
            LIMIT 20' at line 5 in /home/runner/work/epd/epd/includes/models.php on line 197
[2025-09-08 21:00:13] [ERROR] Uncaught exception: Database connection failed: SQLSTATE[HY000] [2002] No such file or directory in /home/runner/work/epd/epd/includes/database.php on line 24
